# JRE version: Java(TM) SE Runtime Environment (8.0_92-b14) (build 1.8.0_92-b14)
# Java VM: Java HotSpot(TM) Client VM (25.92-b14 mixed mode windows-x86 )
Heap:
 def new generation   total 39424K, used 34946K [0x10600000, 0x130c0000, 0x25b50000)
  eden space 35072K,  97% used [0x10600000, 0x127566c8, 0x12840000)
  from space 4352K,  18% used [0x12840000, 0x1290a308, 0x12c80000)
  to   space 4352K,   0% used [0x12c80000, 0x12c80000, 0x130c0000)
 tenured generation   total 87424K, used 55734K [0x25b50000, 0x2b0b0000, 0x50600000)
   the space 87424K,  63% used [0x25b50000, 0x291bd9b0, 0x291bda00, 0x2b0b0000)
 Metaspace       used 30260K, capacity 31974K, committed 32000K, reserved 32128K
GC Heap History (10 events):
Event: 40.854 GC heap before
{Heap before GC invocations=10 (full 2):
 def new generation   total 39424K, used 39046K [0x10600000, 0x130c0000, 0x25b50000)
  eden space 35072K,  98% used [0x10600000, 0x127e19a8, 0x12840000)
  from space 4352K, 100% used [0x12c80000, 0x130c0000, 0x130c0000)
  to   space 4352K,   0% used [0x12840000, 0x12840000, 0x12c80000)
 tenured generation   total 87424K, used 30978K [0x25b50000, 0x2b0b0000, 0x50600000)
   the space 87424K,  35% used [0x25b50000, 0x27990810, 0x27990a00, 0x2b0b0000)
 Metaspace       used 23876K, capacity 25365K, committed 25472K, reserved 25984K
Event: 40.914 GC heap after
Heap after GC invocations=11 (full 2):
 def new generation   total 39424K, used 4352K [0x10600000, 0x130c0000, 0x25b50000)
  eden space 35072K,   0% used [0x10600000, 0x10600000, 0x12840000)
  from space 4352K, 100% used [0x12840000, 0x12c80000, 0x12c80000)
  to   space 4352K,   0% used [0x12c80000, 0x12c80000, 0x130c0000)
 tenured generation   total 87424K, used 35977K [0x25b50000, 0x2b0b0000, 0x50600000)
   the space 87424K,  41% used [0x25b50000, 0x27e726f8, 0x27e72800, 0x2b0b0000)
 Metaspace       used 23876K, capacity 25365K, committed 25472K, reserved 25984K
}
Event: 45.892 GC heap before
{Heap before GC invocations=11 (full 2):
 def new generation   total 39424K, used 39424K [0x10600000, 0x130c0000, 0x25b50000)
  eden space 35072K, 100% used [0x10600000, 0x12840000, 0x12840000)
  from space 4352K, 100% used [0x12840000, 0x12c80000, 0x12c80000)
  to   space 4352K,   0% used [0x12c80000, 0x12c80000, 0x130c0000)
 tenured generation   total 87424K, used 35977K [0x25b50000, 0x2b0b0000, 0x50600000)
   the space 87424K,  41% used [0x25b50000, 0x27e726f8, 0x27e72800, 0x2b0b0000)
 Metaspace       used 26311K, capacity 27794K, committed 27904K, reserved 28032K
Event: 45.983 GC heap after
Heap after GC invocations=12 (full 2):
 def new generation   total 39424K, used 4352K [0x10600000, 0x130c0000, 0x25b50000)
  eden space 35072K,   0% used [0x10600000, 0x10600000, 0x12840000)
  from space 4352K, 100% used [0x12c80000, 0x130c0000, 0x130c0000)
  to   space 4352K,   0% used [0x12840000, 0x12840000, 0x12c80000)
 tenured generation   total 87424K, used 43627K [0x25b50000, 0x2b0b0000, 0x50600000)
   the space 87424K,  49% used [0x25b50000, 0x285eaff0, 0x285eb000, 0x2b0b0000)
 Metaspace       used 26311K, capacity 27794K, committed 27904K, reserved 28032K
}
Event: 50.564 GC heap before
{Heap before GC invocations=12 (full 2):
 def new generation   total 39424K, used 39424K [0x10600000, 0x130c0000, 0x25b50000)
  eden space 35072K, 100% used [0x10600000, 0x12840000, 0x12840000)
  from space 4352K, 100% used [0x12c80000, 0x130c0000, 0x130c0000)
  to   space 4352K,   0% used [0x12840000, 0x12840000, 0x12c80000)
 tenured generation   total 87424K, used 43627K [0x25b50000, 0x2b0b0000, 0x50600000)
   the space 87424K,  49% used [0x25b50000, 0x285eaff0, 0x285eb000, 0x2b0b0000)
 Metaspace       used 29171K, capacity 30769K, committed 30848K, reserved 31104K
Event: 50.634 GC heap after
Heap after GC invocations=13 (full 2):
 def new generation   total 39424K, used 4352K [0x10600000, 0x130c0000, 0x25b50000)
  eden space 35072K,   0% used [0x10600000, 0x10600000, 0x12840000)
  from space 4352K, 100% used [0x12840000, 0x12c80000, 0x12c80000)
  to   space 4352K,   0% used [0x12c80000, 0x12c80000, 0x130c0000)
 tenured generation   total 87424K, used 51266K [0x25b50000, 0x2b0b0000, 0x50600000)
   the space 87424K,  58% used [0x25b50000, 0x28d60bc0, 0x28d60c00, 0x2b0b0000)
 Metaspace       used 29171K, capacity 30769K, committed 30848K, reserved 31104K
}
Event: 59.916 GC heap before
{Heap before GC invocations=13 (full 2):
 def new generation   total 39424K, used 39424K [0x10600000, 0x130c0000, 0x25b50000)
  eden space 35072K, 100% used [0x10600000, 0x12840000, 0x12840000)
  from space 4352K, 100% used [0x12840000, 0x12c80000, 0x12c80000)
  to   space 4352K,   0% used [0x12c80000, 0x12c80000, 0x130c0000)
 tenured generation   total 87424K, used 51266K [0x25b50000, 0x2b0b0000, 0x50600000)
   the space 87424K,  58% used [0x25b50000, 0x28d60bc0, 0x28d60c00, 0x2b0b0000)
 Metaspace       used 29449K, capacity 31113K, committed 31232K, reserved 32128K
Event: 59.968 GC heap after
Heap after GC invocations=14 (full 2):
 def new generation   total 39424K, used 3053K [0x10600000, 0x130c0000, 0x25b50000)
  eden space 35072K,   0% used [0x10600000, 0x10600000, 0x12840000)
  from space 4352K,  70% used [0x12c80000, 0x12f7b6e8, 0x130c0000)
  to   space 4352K,   0% used [0x12840000, 0x12840000, 0x12c80000)
 tenured generation   total 87424K, used 53111K [0x25b50000, 0x2b0b0000, 0x50600000)
   the space 87424K,  60% used [0x25b50000, 0x28f2de18, 0x28f2e000, 0x2b0b0000)
 Metaspace       used 29449K, capacity 31113K, committed 31232K, reserved 32128K
}
Event: 394.976 GC heap before
{Heap before GC invocations=14 (full 2):
 def new generation   total 39424K, used 38125K [0x10600000, 0x130c0000, 0x25b50000)
  eden space 35072K, 100% used [0x10600000, 0x12840000, 0x12840000)
  from space 4352K,  70% used [0x12c80000, 0x12f7b6e8, 0x130c0000)
  to   space 4352K,   0% used [0x12840000, 0x12840000, 0x12c80000)
 tenured generation   total 87424K, used 53111K [0x25b50000, 0x2b0b0000, 0x50600000)
   the space 87424K,  60% used [0x25b50000, 0x28f2de18, 0x28f2e000, 0x2b0b0000)
 Metaspace       used 29739K, capacity 31467K, committed 31488K, reserved 32128K
Event: 395.013 GC heap after
Heap after GC invocations=15 (full 2):
 def new generation   total 39424K, used 808K [0x10600000, 0x130c0000, 0x25b50000)
  eden space 35072K,   0% used [0x10600000, 0x10600000, 0x12840000)
  from space 4352K,  18% used [0x12840000, 0x1290a308, 0x12c80000)
  to   space 4352K,   0% used [0x12c80000, 0x12c80000, 0x130c0000)
 tenured generation   total 87424K, used 55734K [0x25b50000, 0x2b0b0000, 0x50600000)
   the space 87424K,  63% used [0x25b50000, 0x291bd9b0, 0x291bda00, 0x2b0b0000)
 Metaspace       used 29739K, capacity 31467K, committed 31488K, reserved 32128K
}

